* using log directory ‘/Users/williamkopans/Downloads/RPackageDir/MWStat/MwStatistics.Rcheck’
* using R version 3.6.2 (2019-12-12)
* using platform: x86_64-apple-darwin15.6.0 (64-bit)
* using session charset: UTF-8
* using options ‘--no-manual --as-cran’
* checking for file ‘MwStatistics/DESCRIPTION’ ... OK
* checking extension type ... Package
* this is package ‘MwStatistics’ version ‘0.1.0’
* package encoding: UTF-8
* checking CRAN incoming feasibility ... NOTE
Maintainer: ‘William Kopans <wkopans123@gmail.com>’

New submission

License components with restrictions and base license permitting such:
  MIT + file LICENSE
File 'LICENSE':
  Based on <http://opensource.org/licenses/MIT>
  
  YEAR: 2020
  COPYRIGHT HOLDER: William Kopans
  
  License: MIT + file LICENSE
  
  ************************************************************************
  
  Copyright (c) <YEAR>, <COPYRIGHT HOLDER>
  
  Permission is hereby granted, free of charge, to any person obtaining
  a copy of this software and associated documentation files (the
  "Software"), to deal in the Software without restriction, including
  without limitation the rights to use, copy, modify, merge, publish,
  distribute, sublicense, and/or sell copies of the Software, and to
  permit persons to whom the Software is furnished to do so, subject to
  the following conditions:
  
  The above copyright notice and this permission notice shall be
  included in all copies or substantial portions of the Software.
  
  THE SOFTWARE IS PROVIDED "AS IS", WITHOUT WARRANTY OF ANY KIND,
  EXPRESS OR IMPLIED, INCLUDING BUT NOT LIMITED TO THE WARRANTIES OF
  MERCHANTABILITY, FITNESS FOR A PARTICULAR PURPOSE AND
  NONINFRINGEMENT. IN NO EVENT SHALL THE AUTHORS OR COPYRIGHT HOLDERS BE
  LIABLE FOR ANY CLAIM, DAMAGES OR OTHER LIABILITY, WHETHER IN AN ACTION
  OF CONTRACT, TORT OR OTHERWISE, ARISING FROM, OUT OF OR IN CONNECTION
  WITH THE SOFTWARE OR THE USE OR OTHER DEALINGS IN THE SOFTWARE.

Found the following (possibly) invalid URLs:
  URL: https://github.com/WilliamKopans/MwStatistics/blob/master/MwStatistics/LICENSE (moved to https://github.com/WilliamKopans/MwStat/blob/master/MwStatistics/LICENSE)
    From: README.md
    Status: 404
    Message: Not Found
* checking package namespace information ... OK
* checking package dependencies ... OK
* checking if this is a source package ... OK
* checking if there is a namespace ... OK
* checking for executable files ... OK
* checking for hidden files and directories ... OK
* checking for portable file names ... OK
* checking for sufficient/correct file permissions ... OK
* checking serialization versions ... OK
* checking whether package ‘MwStatistics’ can be installed ... OK
* checking installed package size ... OK
* checking package directory ... OK
* checking for future file timestamps ... OK
* checking DESCRIPTION meta-information ... OK
* checking top-level files ... OK
* checking for left-over files ... OK
* checking index information ... OK
* checking package subdirectories ... OK
* checking R files for non-ASCII characters ... OK
* checking R files for syntax errors ... OK
* checking whether the package can be loaded ... OK
* checking whether the package can be loaded with stated dependencies ... OK
* checking whether the package can be unloaded cleanly ... OK
* checking whether the namespace can be loaded with stated dependencies ... OK
* checking whether the namespace can be unloaded cleanly ... OK
* checking loading without being on the library search path ... OK
* checking use of S3 registration ... OK
* checking dependencies in R code ... OK
* checking S3 generic/method consistency ... OK
* checking replacement functions ... OK
* checking foreign function calls ... OK
* checking R code for possible problems ... OK
* checking Rd files ... OK
* checking Rd metadata ... OK
* checking Rd line widths ... OK
* checking Rd cross-references ... OK
* checking for missing documentation entries ... OK
* checking for code/documentation mismatches ... OK
* checking Rd \usage sections ... OK
* checking Rd contents ... OK
* checking for unstated dependencies in examples ... OK
* checking examples ... ERROR
Running examples in ‘MwStatistics-Ex.R’ failed
The error most likely occurred in:

> base::assign(".ptime", proc.time(), pos = "CheckExEnv")
> ### Name: MwStatistics
> ### Title: Moving Window Statistics
> ### Aliases: MwStatistics
> ### Keywords: ~datagen ~ts
> 
> ### ** Examples
> 
> MwStatistics(dat = data.frame(replicate(10,sample(0:10,1000,rep=TRUE))),
+ TimeVarCol = 1, ColA = 2, ColB = 3, win = 2,
+ stat = "Correlation", genplot = TRUE, genDataFrame = FALSE, overlap = 0.5)
Error in registerNames(names, package, ".__global__", add) : 
  The namespace for package "MwStatistics" is locked; no changes in the global variables list may be made.
Calls: MwStatistics -> <Anonymous> -> registerNames
Execution halted
* checking for detritus in the temp directory ... OK
* DONE
Status: 1 ERROR, 1 NOTE
